<?xml version="1.0" encoding="UTF-8"?>
<testng-results skipped="0" failed="0" ignored="0" total="2" passed="2">
  <reporter-output>
  </reporter-output>
  <suite name="Suite" duration-ms="105597" started-at="2017-10-16T11:56:20Z" finished-at="2017-10-16T11:58:06Z">
    <groups>
    </groups>
    <test name="Test" duration-ms="105597" started-at="2017-10-16T11:56:20Z" finished-at="2017-10-16T11:58:06Z">
      <class name="com.legacyTest.test.TestClass">
        <test-method status="PASS" signature="init()[pri:0, instance:com.legacyTest.test.TestClass@15bfd87]" name="init" is-config="true" duration-ms="8022" started-at="2017-10-16T17:26:12Z" finished-at="2017-10-16T17:26:20Z">
          <reporter-output>
          </reporter-output>
        </test-method> <!-- init -->
        <test-method status="PASS" signature="LaunchBrowser(java.util.Hashtable)[pri:0, instance:com.legacyTest.test.TestClass@15bfd87]" name="LaunchBrowser" duration-ms="66104" started-at="2017-10-16T17:26:20Z" data-provider="getData" finished-at="2017-10-16T17:27:27Z">
          <params>
            <param index="0">
              <value>
                <![CDATA[{MonthName=September, RunMode=Y , YearNumber=2017, MonthNumber=09}]]>
              </value>
            </param>
          </params>
          <reporter-output>
          </reporter-output>
        </test-method> <!-- LaunchBrowser -->
        <test-method status="PASS" signature="LaunchBrowser(java.util.Hashtable)[pri:0, instance:com.legacyTest.test.TestClass@15bfd87]" name="LaunchBrowser" duration-ms="39389" started-at="2017-10-16T17:27:27Z" data-provider="getData" finished-at="2017-10-16T17:28:06Z">
          <params>
            <param index="0">
              <value>
                <![CDATA[{MonthName=October, RunMode=Y , YearNumber=2017, MonthNumber=10}]]>
              </value>
            </param>
          </params>
          <reporter-output>
          </reporter-output>
        </test-method> <!-- LaunchBrowser -->
        <test-method status="PASS" signature="quite()[pri:0, instance:com.legacyTest.test.TestClass@15bfd87]" name="quite" is-config="true" duration-ms="1565" started-at="2017-10-16T17:28:06Z" finished-at="2017-10-16T17:28:08Z">
          <reporter-output>
          </reporter-output>
        </test-method> <!-- quite -->
      </class> <!-- com.legacyTest.test.TestClass -->
    </test> <!-- Test -->
  </suite> <!-- Suite -->
</testng-results>
