<?xml version="1.0" encoding="UTF-8"?>
<testng-results skipped="0" failed="0" ignored="0" total="1" passed="1">
  <reporter-output>
  </reporter-output>
  <suite name="Default suite" duration-ms="5880" started-at="2017-09-20T09:15:24Z" finished-at="2017-09-20T09:15:30Z">
    <groups>
    </groups>
    <test name="Default test" duration-ms="5880" started-at="2017-09-20T09:15:24Z" finished-at="2017-09-20T09:15:30Z">
      <class name="com.legacyTest.test.TestClass">
        <test-method status="PASS" signature="init()[pri:0, instance:com.legacyTest.test.TestClass@111346a]" name="init" is-config="true" duration-ms="563" started-at="2017-09-20T14:45:24Z" finished-at="2017-09-20T14:45:24Z">
          <reporter-output>
          </reporter-output>
        </test-method> <!-- init -->
        <test-method status="PASS" signature="LaunchBrowser()[pri:0, instance:com.legacyTest.test.TestClass@111346a]" name="LaunchBrowser" duration-ms="4966" started-at="2017-09-20T14:45:24Z" finished-at="2017-09-20T14:45:29Z">
          <reporter-output>
          </reporter-output>
        </test-method> <!-- LaunchBrowser -->
        <test-method status="PASS" signature="quite()[pri:0, instance:com.legacyTest.test.TestClass@111346a]" name="quite" is-config="true" duration-ms="898" started-at="2017-09-20T14:45:29Z" finished-at="2017-09-20T14:45:30Z">
          <reporter-output>
          </reporter-output>
        </test-method> <!-- quite -->
      </class> <!-- com.legacyTest.test.TestClass -->
    </test> <!-- Default test -->
  </suite> <!-- Default suite -->
</testng-results>
