<?xml version="1.0" encoding="UTF-8"?>
<testng-results skipped="0" failed="0" ignored="0" total="1" passed="1">
  <reporter-output>
  </reporter-output>
  <suite name="Suite" duration-ms="117426" started-at="2017-10-04T15:55:05Z" finished-at="2017-10-04T15:57:03Z">
    <groups>
    </groups>
    <test name="Test" duration-ms="117426" started-at="2017-10-04T15:55:05Z" finished-at="2017-10-04T15:57:03Z">
      <class name="com.legacyTest.test.TestClass">
        <test-method status="PASS" signature="init()[pri:0, instance:com.legacyTest.test.TestClass@80169cf]" name="init" is-config="true" duration-ms="18624" started-at="2017-10-04T21:24:47Z" finished-at="2017-10-04T21:25:05Z">
          <reporter-output>
          </reporter-output>
        </test-method> <!-- init -->
        <test-method status="PASS" signature="LaunchBrowser()[pri:0, instance:com.legacyTest.test.TestClass@80169cf]" name="LaunchBrowser" duration-ms="116559" started-at="2017-10-04T21:25:05Z" finished-at="2017-10-04T21:27:02Z">
          <reporter-output>
          </reporter-output>
        </test-method> <!-- LaunchBrowser -->
        <test-method status="PASS" signature="quite()[pri:0, instance:com.legacyTest.test.TestClass@80169cf]" name="quite" is-config="true" duration-ms="831" started-at="2017-10-04T21:27:02Z" finished-at="2017-10-04T21:27:03Z">
          <reporter-output>
          </reporter-output>
        </test-method> <!-- quite -->
      </class> <!-- com.legacyTest.test.TestClass -->
    </test> <!-- Test -->
  </suite> <!-- Suite -->
</testng-results>
