<?xml version="1.0" encoding="UTF-8"?>
<testng-results skipped="0" failed="0" total="2" passed="2">
  <reporter-output>
  </reporter-output>
  <suite name="Default suite" duration-ms="52701" started-at="2017-10-31T14:02:47Z" finished-at="2017-10-31T14:03:40Z">
    <groups>
    </groups>
    <test name="Default test" duration-ms="52701" started-at="2017-10-31T14:02:47Z" finished-at="2017-10-31T14:03:40Z">
      <class name="com.legacyTest.test.TC01_LeaveHistory">
        <test-method status="PASS" signature="init()[pri:0, instance:com.legacyTest.test.TC01_LeaveHistory@b87145]" name="init" is-config="true" duration-ms="4186" started-at="2017-10-31T19:32:43Z" finished-at="2017-10-31T19:32:47Z">
          <reporter-output>
          </reporter-output>
        </test-method> <!-- init -->
        <test-method status="PASS" signature="LeaveHistory(java.util.Hashtable)[pri:0, instance:com.legacyTest.test.TC01_LeaveHistory@b87145]" name="LeaveHistory" duration-ms="29746" started-at="2017-10-31T19:32:47Z" data-provider="getData" finished-at="2017-10-31T19:33:17Z">
          <params>
            <param index="0">
              <value>
                <![CDATA[{MonthName=September, RunMode=Y , YearNumber=2017, MonthNumber=09}]]>
              </value>
            </param>
          </params>
          <reporter-output>
          </reporter-output>
        </test-method> <!-- LeaveHistory -->
        <test-method status="PASS" signature="LeaveHistory(java.util.Hashtable)[pri:0, instance:com.legacyTest.test.TC01_LeaveHistory@b87145]" name="LeaveHistory" duration-ms="22936" started-at="2017-10-31T19:33:17Z" data-provider="getData" finished-at="2017-10-31T19:33:40Z">
          <params>
            <param index="0">
              <value>
                <![CDATA[{MonthName=October, RunMode=Y , YearNumber=2017, MonthNumber=10}]]>
              </value>
            </param>
          </params>
          <reporter-output>
          </reporter-output>
        </test-method> <!-- LeaveHistory -->
        <test-method status="PASS" signature="quite()[pri:0, instance:com.legacyTest.test.TC01_LeaveHistory@b87145]" name="quite" is-config="true" duration-ms="830" started-at="2017-10-31T19:33:40Z" finished-at="2017-10-31T19:33:41Z">
          <reporter-output>
          </reporter-output>
        </test-method> <!-- quite -->
      </class> <!-- com.legacyTest.test.TC01_LeaveHistory -->
    </test> <!-- Default test -->
  </suite> <!-- Default suite -->
</testng-results>
