<?xml version="1.0" encoding="UTF-8"?>
<testng-results skipped="0" failed="0" total="2" passed="2">
  <reporter-output>
  </reporter-output>
  <suite name="Default suite" duration-ms="86612" started-at="2017-10-13T09:29:30Z" finished-at="2017-10-13T09:30:57Z">
    <groups>
    </groups>
    <test name="Default test" duration-ms="86612" started-at="2017-10-13T09:29:30Z" finished-at="2017-10-13T09:30:57Z">
      <class name="com.legacyTest.test.TestClass">
        <test-method status="PASS" signature="init()[pri:0, instance:com.legacyTest.test.TestClass@b87145]" name="init" is-config="true" duration-ms="3419" started-at="2017-10-13T14:59:27Z" finished-at="2017-10-13T14:59:30Z">
          <reporter-output>
          </reporter-output>
        </test-method> <!-- init -->
        <test-method status="PASS" signature="LaunchBrowser(java.util.Hashtable)[pri:0, instance:com.legacyTest.test.TestClass@b87145]" name="LaunchBrowser" duration-ms="51904" started-at="2017-10-13T14:59:30Z" data-provider="getData" finished-at="2017-10-13T15:00:22Z">
          <params>
            <param index="0">
              <value>
                <![CDATA[{MonthName=September, RunMode=Y , YearNumber=2017, MonthNumber=09}]]>
              </value>
            </param>
          </params>
          <reporter-output>
          </reporter-output>
        </test-method> <!-- LaunchBrowser -->
        <test-method status="PASS" signature="LaunchBrowser(java.util.Hashtable)[pri:0, instance:com.legacyTest.test.TestClass@b87145]" name="LaunchBrowser" duration-ms="34687" started-at="2017-10-13T15:00:22Z" data-provider="getData" finished-at="2017-10-13T15:00:57Z">
          <params>
            <param index="0">
              <value>
                <![CDATA[{MonthName=October, RunMode=Y , YearNumber=2017, MonthNumber=10}]]>
              </value>
            </param>
          </params>
          <reporter-output>
          </reporter-output>
        </test-method> <!-- LaunchBrowser -->
        <test-method status="PASS" signature="quite()[pri:0, instance:com.legacyTest.test.TestClass@b87145]" name="quite" is-config="true" duration-ms="843" started-at="2017-10-13T15:00:57Z" finished-at="2017-10-13T15:00:57Z">
          <reporter-output>
          </reporter-output>
        </test-method> <!-- quite -->
      </class> <!-- com.legacyTest.test.TestClass -->
    </test> <!-- Default test -->
  </suite> <!-- Default suite -->
</testng-results>
