<?xml version="1.0" encoding="UTF-8"?>
<testng-results skipped="0" failed="0" ignored="0" total="2" passed="2">
  <reporter-output>
  </reporter-output>
  <suite name="Default suite" duration-ms="143844" started-at="2017-10-29T08:25:03Z" finished-at="2017-10-29T08:27:27Z">
    <groups>
    </groups>
    <test name="Default test" duration-ms="143844" started-at="2017-10-29T08:25:03Z" finished-at="2017-10-29T08:27:27Z">
      <class name="com.legacyTest.test.TC03_GetAttendance">
        <test-method status="PASS" signature="init()[pri:0, instance:com.legacyTest.test.TC03_GetAttendance@15bfd87]" name="init" is-config="true" duration-ms="15505" started-at="2017-10-29T13:54:47Z" finished-at="2017-10-29T13:55:03Z">
          <reporter-output>
          </reporter-output>
        </test-method> <!-- init -->
        <test-method status="PASS" signature="LaunchBrowser(java.util.Hashtable)[pri:0, instance:com.legacyTest.test.TC03_GetAttendance@15bfd87]" name="LaunchBrowser" duration-ms="68635" started-at="2017-10-29T13:55:03Z" data-provider="getData" finished-at="2017-10-29T13:56:11Z">
          <params>
            <param index="0">
              <value>
                <![CDATA[{MonthName=September, RunMode=Y , YearNumber=2017, MonthNumber=09}]]>
              </value>
            </param>
          </params>
          <reporter-output>
          </reporter-output>
        </test-method> <!-- LaunchBrowser -->
        <test-method status="PASS" signature="LaunchBrowser(java.util.Hashtable)[pri:0, instance:com.legacyTest.test.TC03_GetAttendance@15bfd87]" name="LaunchBrowser" duration-ms="75151" started-at="2017-10-29T13:56:11Z" data-provider="getData" finished-at="2017-10-29T13:57:27Z">
          <params>
            <param index="0">
              <value>
                <![CDATA[{MonthName=October, RunMode=Y , YearNumber=2017, MonthNumber=10}]]>
              </value>
            </param>
          </params>
          <reporter-output>
          </reporter-output>
        </test-method> <!-- LaunchBrowser -->
        <test-method status="PASS" signature="quite()[pri:0, instance:com.legacyTest.test.TC03_GetAttendance@15bfd87]" name="quite" is-config="true" duration-ms="987" started-at="2017-10-29T13:57:27Z" finished-at="2017-10-29T13:57:28Z">
          <reporter-output>
          </reporter-output>
        </test-method> <!-- quite -->
      </class> <!-- com.legacyTest.test.TC03_GetAttendance -->
    </test> <!-- Default test -->
  </suite> <!-- Default suite -->
</testng-results>
