<?xml version="1.0" encoding="UTF-8"?>
<testng-results skipped="0" failed="0" total="1" passed="1">
  <reporter-output>
  </reporter-output>
  <suite name="Default suite" duration-ms="35680" started-at="2017-10-04T11:23:34Z" finished-at="2017-10-04T11:24:10Z">
    <groups>
    </groups>
    <test name="Default test" duration-ms="35680" started-at="2017-10-04T11:23:34Z" finished-at="2017-10-04T11:24:10Z">
      <class name="com.legacyTest.test.TestClass">
        <test-method status="PASS" signature="init()[pri:0, instance:com.legacyTest.test.TestClass@153f538]" name="init" is-config="true" duration-ms="5392" started-at="2017-10-04T16:53:28Z" finished-at="2017-10-04T16:53:34Z">
          <reporter-output>
          </reporter-output>
        </test-method> <!-- init -->
        <test-method status="PASS" signature="LaunchBrowser()[pri:0, instance:com.legacyTest.test.TestClass@153f538]" name="LaunchBrowser" duration-ms="34904" started-at="2017-10-04T16:53:34Z" finished-at="2017-10-04T16:54:09Z">
          <reporter-output>
          </reporter-output>
        </test-method> <!-- LaunchBrowser -->
        <test-method status="PASS" signature="quite()[pri:0, instance:com.legacyTest.test.TestClass@153f538]" name="quite" is-config="true" duration-ms="765" started-at="2017-10-04T16:54:09Z" finished-at="2017-10-04T16:54:10Z">
          <reporter-output>
          </reporter-output>
        </test-method> <!-- quite -->
      </class> <!-- com.legacyTest.test.TestClass -->
    </test> <!-- Default test -->
  </suite> <!-- Default suite -->
</testng-results>
